d:\work\实习\non_uniformity_correction\non_uniformity_correction\x64\release\vc140.pdb
d:\work\实习\non_uniformity_correction\non_uniformity_correction\x64\release\main.obj
d:\work\rutgers\course\ca\project\non_uniformity_correction\non_uniformity_correction\x64\release\vc140.pdb
d:\work\rutgers\course\ca\project\non_uniformity_correction\non_uniformity_correction\x64\release\main_gpu.obj
d:\work\rutgers\course\ca\project\non_uniformity_correction\non_uniformity_correction\x64\release\main.obj
d:\work\实习\non_uniformity_correction\x64\release\non_uniformity_correction.exe
d:\work\实习\non_uniformity_correction\x64\release\non_uniformity_correction.ipdb
d:\work\实习\non_uniformity_correction\x64\release\non_uniformity_correction.iobj
d:\work\实习\non_uniformity_correction\x64\release\non_uniformity_correction.pdb
d:\work\rutgers\course\ca\project\non_uniformity_correction\x64\release\non_uniformity_correction.exe
d:\work\rutgers\course\ca\project\non_uniformity_correction\x64\release\non_uniformity_correction.ipdb
d:\work\rutgers\course\ca\project\non_uniformity_correction\x64\release\non_uniformity_correction.iobj
d:\work\rutgers\course\ca\project\non_uniformity_correction\x64\release\non_uniformity_correction.pdb
d:\work\rutgers\course\ca\project\non_uniformity_correction\non_uniformity_correction\x64\release\main_cuda.cu.cache
d:\work\rutgers\course\ca\project\non_uniformity_correction\non_uniformity_correction\x64\release\main_cuda.cu.obj
d:\work\rutgers\course\ca\project\non_uniformity_correction\non_uniformity_correction\x64\release\non_unif.81cd9f93.tlog\cl.command.1.tlog
d:\work\rutgers\course\ca\project\non_uniformity_correction\non_uniformity_correction\x64\release\non_unif.81cd9f93.tlog\cl.read.1.tlog
d:\work\rutgers\course\ca\project\non_uniformity_correction\non_uniformity_correction\x64\release\non_unif.81cd9f93.tlog\cl.write.1.tlog
d:\work\rutgers\course\ca\project\non_uniformity_correction\non_uniformity_correction\x64\release\non_unif.81cd9f93.tlog\link.command.1.tlog
d:\work\rutgers\course\ca\project\non_uniformity_correction\non_uniformity_correction\x64\release\non_unif.81cd9f93.tlog\link.read.1.tlog
d:\work\rutgers\course\ca\project\non_uniformity_correction\non_uniformity_correction\x64\release\non_unif.81cd9f93.tlog\link.write.1.tlog
