  Compiling CUDA source file main_CUDA.cu...
  
  D:\work\Rutgers\Course\CA\Project\non_uniformity_correction\non_uniformity_correction>"D:\CUDA\v9.1\bin\nvcc.exe" -gencode=arch=compute_30,code=\"sm_30,compute_30\" --use-local-env --cl-version 2015 -ccbin "D:\Visual Studio 2015\VC\bin\x86_amd64" -x cu  -ID:\CUDA\v9.1 -ID:\CUDA\v9.1\/include -ID:\CUDA\v9.1\common\inc -ID:\CUDA\v9.1\include -ID:\CUDA\v9.1\7_CUDALibraries\common\UtilNPP -ID:\CUDA\v9.1\7_CUDALibraries\common\FreeImage\include -ID:\CUDA\v9.1\include  -G   --keep-dir x64\Debug -maxrregcount=0  --machine 64 --compile -cudart static  -g   -DWIN32 -D_DEBUG -D_CONSOLE -D_LIB -D_UNICODE -DUNICODE -Xcompiler "/EHsc /W3 /nologo /Od /FS /Zi /RTC1 /MDd " -o x64\Debug\main_CUDA.cu.obj "D:\work\Rutgers\Course\CA\Project\non_uniformity_correction\non_uniformity_correction\main_CUDA.cu" 
d:\cuda\v9.1\include\crt\math_functions.h : warning C4819: 该文件包含不能在当前代码页(936)中表示的字符。请将该文件保存为 Unicode 格式以防止数据丢失
d:\cuda\v9.1\include\crt\math_functions.h(838): warning C4819: 该文件包含不能在当前代码页(936)中表示的字符。请将该文件保存为 Unicode 格式以防止数据丢失
d:\cuda\v9.1\include\crt\math_functions.h(1772): warning C4819: 该文件包含不能在当前代码页(936)中表示的字符。请将该文件保存为 Unicode 格式以防止数据丢失
d:\cuda\v9.1\include\crt\math_functions.h(2628): warning C4819: 该文件包含不能在当前代码页(936)中表示的字符。请将该文件保存为 Unicode 格式以防止数据丢失
d:\cuda\v9.1\include\crt\math_functions.h(3477): warning C4819: 该文件包含不能在当前代码页(936)中表示的字符。请将该文件保存为 Unicode 格式以防止数据丢失
d:\cuda\v9.1\include\crt\math_functions.h(4417): warning C4819: 该文件包含不能在当前代码页(936)中表示的字符。请将该文件保存为 Unicode 格式以防止数据丢失
d:\cuda\v9.1\include\crt\math_functions.h(5319): warning C4819: 该文件包含不能在当前代码页(936)中表示的字符。请将该文件保存为 Unicode 格式以防止数据丢失
d:\cuda\v9.1\include\crt\math_functions.h(6229): warning C4819: 该文件包含不能在当前代码页(936)中表示的字符。请将该文件保存为 Unicode 格式以防止数据丢失
d:\cuda\v9.1\include\crt\math_functions.h(7104): warning C4819: 该文件包含不能在当前代码页(936)中表示的字符。请将该文件保存为 Unicode 格式以防止数据丢失
d:\cuda\v9.1\include\crt\math_functions.h(7914): warning C4819: 该文件包含不能在当前代码页(936)中表示的字符。请将该文件保存为 Unicode 格式以防止数据丢失
d:\cuda\v9.1\include\crt/device_functions.h : warning C4819: 该文件包含不能在当前代码页(936)中表示的字符。请将该文件保存为 Unicode 格式以防止数据丢失
d:\cuda\v9.1\include\crt/device_functions.h(776): warning C4819: 该文件包含不能在当前代码页(936)中表示的字符。请将该文件保存为 Unicode 格式以防止数据丢失
d:\cuda\v9.1\include\crt/device_functions.h(1636): warning C4819: 该文件包含不能在当前代码页(936)中表示的字符。请将该文件保存为 Unicode 格式以防止数据丢失
d:\cuda\v9.1\include\crt\device_double_functions.h : warning C4819: 该文件包含不能在当前代码页(936)中表示的字符。请将该文件保存为 Unicode 格式以防止数据丢失
d:\cuda\v9.1\include\sm_20_intrinsics.h : warning C4819: 该文件包含不能在当前代码页(936)中表示的字符。请将该文件保存为 Unicode 格式以防止数据丢失
d:\cuda\v9.1\include\sm_20_intrinsics.h(925): warning C4819: 该文件包含不能在当前代码页(936)中表示的字符。请将该文件保存为 Unicode 格式以防止数据丢失
D:\CUDA\v9.1\7_CUDALibraries\common\FreeImage\include\FreeImage.h : warning C4819: 该文件包含不能在当前代码页(936)中表示的字符。请将该文件保存为 Unicode 格式以防止数据丢失
d:\cuda\v9.1\7_cudalibraries\common\utilnpp\ImagePacked.h(83): warning : exception specification for virtual function "npp::ImagePacked<D, N, A>::~ImagePacked [with D=D, N=N, A=A]" is incompatible with that of overridden function "npp::Image::~Image"
d:\cuda\v9.1\7_cudalibraries\common\utilnpp\ImagePacked.h(83): warning : exception specification for virtual function "npp::ImagePacked<D, N, A>::~ImagePacked [with D=D, N=N, A=npp::ImageAllocator<D, N>]" is incompatible with that of overridden function "npp::Image::~Image"
D:/work/Rutgers/Course/CA/Project/non_uniformity_correction/non_uniformity_correction/main_CUDA.cu(52): warning : return type of function "main" must be "int"
D:/work/Rutgers/Course/CA/Project/non_uniformity_correction/non_uniformity_correction/main_CUDA.cu(167): warning : invalid narrowing conversion from "unsigned int" to "int"
D:/work/Rutgers/Course/CA/Project/non_uniformity_correction/non_uniformity_correction/main_CUDA.cu(167): warning : invalid narrowing conversion from "unsigned int" to "int"
D:/work/Rutgers/Course/CA/Project/non_uniformity_correction/non_uniformity_correction/main_CUDA.cu(93): warning : variable "sub_column_range_size" was declared but never referenced
D:/work/Rutgers/Course/CA/Project/non_uniformity_correction/non_uniformity_correction/main_CUDA.cu(94): warning : variable "err" was declared but never referenced
D:/work/Rutgers/Course/CA/Project/non_uniformity_correction/non_uniformity_correction/main_CUDA.cu(111): warning : variable "sub_roi" was declared but never referenced
D:/work/Rutgers/Course/CA/Project/non_uniformity_correction/non_uniformity_correction/main_CUDA.cu(138): warning : variable "anchor" was declared but never referenced
D:/work/Rutgers/Course/CA/Project/non_uniformity_correction/non_uniformity_correction/main_CUDA.cu(143): warning : variable "close_mask_anchor" was declared but never referenced
D:/work/Rutgers/Course/CA/Project/non_uniformity_correction/non_uniformity_correction/main_CUDA.cu(146): warning : variable "hpbuffersize" was declared but never referenced
D:/work/Rutgers/Course/CA/Project/non_uniformity_correction/non_uniformity_correction/main_CUDA.cu(147): warning : variable "pBuffer" was declared but never referenced
D:/work/Rutgers/Course/CA/Project/non_uniformity_correction/non_uniformity_correction/main_CUDA.cu(169): warning : variable "mask_rect" was declared but never referenced
D:/work/Rutgers/Course/CA/Project/non_uniformity_correction/non_uniformity_correction/main_CUDA.cu(191): warning : variable "t2" was declared but never referenced
D:/work/Rutgers/Course/CA/Project/non_uniformity_correction/non_uniformity_correction/main_CUDA.cu(191): warning : variable "t3" was declared but never referenced
D:/work/Rutgers/Course/CA/Project/non_uniformity_correction/non_uniformity_correction/main_CUDA.cu(191): warning : variable "t4" was declared but never referenced
D:/work/Rutgers/Course/CA/Project/non_uniformity_correction/non_uniformity_correction/main_CUDA.cu(191): warning : variable "t5" was declared but never referenced
D:/work/Rutgers/Course/CA/Project/non_uniformity_correction/non_uniformity_correction/main_CUDA.cu(191): warning : variable "t6" was declared but never referenced
D:/work/Rutgers/Course/CA/Project/non_uniformity_correction/non_uniformity_correction/main_CUDA.cu(191): warning : variable "t7" was declared but never referenced
D:/work/Rutgers/Course/CA/Project/non_uniformity_correction/non_uniformity_correction/main_CUDA.cu(192): warning : variable "t_avg" was declared but never referenced
d:\cuda\v9.1\include\crt\math_functions.h : warning C4819: 该文件包含不能在当前代码页(936)中表示的字符。请将该文件保存为 Unicode 格式以防止数据丢失
d:\cuda\v9.1\include\crt\math_functions.h(838): warning C4819: 该文件包含不能在当前代码页(936)中表示的字符。请将该文件保存为 Unicode 格式以防止数据丢失
d:\cuda\v9.1\include\crt\math_functions.h(1772): warning C4819: 该文件包含不能在当前代码页(936)中表示的字符。请将该文件保存为 Unicode 格式以防止数据丢失
d:\cuda\v9.1\include\crt\math_functions.h(2628): warning C4819: 该文件包含不能在当前代码页(936)中表示的字符。请将该文件保存为 Unicode 格式以防止数据丢失
d:\cuda\v9.1\include\crt\math_functions.h(3477): warning C4819: 该文件包含不能在当前代码页(936)中表示的字符。请将该文件保存为 Unicode 格式以防止数据丢失
d:\cuda\v9.1\include\crt\math_functions.h(4417): warning C4819: 该文件包含不能在当前代码页(936)中表示的字符。请将该文件保存为 Unicode 格式以防止数据丢失
d:\cuda\v9.1\include\crt\math_functions.h(5319): warning C4819: 该文件包含不能在当前代码页(936)中表示的字符。请将该文件保存为 Unicode 格式以防止数据丢失
d:\cuda\v9.1\include\crt\math_functions.h(6229): warning C4819: 该文件包含不能在当前代码页(936)中表示的字符。请将该文件保存为 Unicode 格式以防止数据丢失
d:\cuda\v9.1\include\crt\math_functions.h(7104): warning C4819: 该文件包含不能在当前代码页(936)中表示的字符。请将该文件保存为 Unicode 格式以防止数据丢失
d:\cuda\v9.1\include\crt\math_functions.h(7914): warning C4819: 该文件包含不能在当前代码页(936)中表示的字符。请将该文件保存为 Unicode 格式以防止数据丢失
d:\cuda\v9.1\include\crt/device_functions.h : warning C4819: 该文件包含不能在当前代码页(936)中表示的字符。请将该文件保存为 Unicode 格式以防止数据丢失
d:\cuda\v9.1\include\crt/device_functions.h(776): warning C4819: 该文件包含不能在当前代码页(936)中表示的字符。请将该文件保存为 Unicode 格式以防止数据丢失
d:\cuda\v9.1\include\crt/device_functions.h(1636): warning C4819: 该文件包含不能在当前代码页(936)中表示的字符。请将该文件保存为 Unicode 格式以防止数据丢失
d:\cuda\v9.1\include\crt\device_double_functions.h : warning C4819: 该文件包含不能在当前代码页(936)中表示的字符。请将该文件保存为 Unicode 格式以防止数据丢失
d:\cuda\v9.1\include\sm_20_intrinsics.h : warning C4819: 该文件包含不能在当前代码页(936)中表示的字符。请将该文件保存为 Unicode 格式以防止数据丢失
d:\cuda\v9.1\include\sm_20_intrinsics.h(925): warning C4819: 该文件包含不能在当前代码页(936)中表示的字符。请将该文件保存为 Unicode 格式以防止数据丢失
D:\CUDA\v9.1\7_CUDALibraries\common\FreeImage\include\FreeImage.h : warning C4819: 该文件包含不能在当前代码页(936)中表示的字符。请将该文件保存为 Unicode 格式以防止数据丢失
d:\cuda\v9.1\7_cudalibraries\common\utilnpp\ImageAllocatorsCPU.h(47): warning : variable "pSrcLine" was declared but never referenced
d:\cuda\v9.1\7_cudalibraries\common\utilnpp\ImageAllocatorsCPU.h(48): warning : variable "pDstLine" was declared but never referenced
d:\cuda\v9.1\7_cudalibraries\common\utilnpp\ImagePacked.h(83): warning : exception specification for virtual function "npp::ImagePacked<D, N, A>::~ImagePacked [with D=D, N=N, A=A]" is incompatible with that of overridden function "npp::Image::~Image"
d:\cuda\v9.1\7_cudalibraries\common\utilnpp\ImagePacked.h(83): warning : exception specification for virtual function "npp::ImagePacked<D, N, A>::~ImagePacked [with D=D, N=N, A=npp::ImageAllocator<D, N>]" is incompatible with that of overridden function "npp::Image::~Image"
D:/work/Rutgers/Course/CA/Project/non_uniformity_correction/non_uniformity_correction/main_CUDA.cu(52): warning : return type of function "main" must be "int"
D:/work/Rutgers/Course/CA/Project/non_uniformity_correction/non_uniformity_correction/main_CUDA.cu(167): warning : invalid narrowing conversion from "unsigned int" to "int"
D:/work/Rutgers/Course/CA/Project/non_uniformity_correction/non_uniformity_correction/main_CUDA.cu(167): warning : invalid narrowing conversion from "unsigned int" to "int"
D:/work/Rutgers/Course/CA/Project/non_uniformity_correction/non_uniformity_correction/main_CUDA.cu(93): warning : variable "sub_column_range_size" was declared but never referenced
D:/work/Rutgers/Course/CA/Project/non_uniformity_correction/non_uniformity_correction/main_CUDA.cu(94): warning : variable "err" was declared but never referenced
D:/work/Rutgers/Course/CA/Project/non_uniformity_correction/non_uniformity_correction/main_CUDA.cu(111): warning : variable "sub_roi" was declared but never referenced
D:/work/Rutgers/Course/CA/Project/non_uniformity_correction/non_uniformity_correction/main_CUDA.cu(138): warning : variable "anchor" was declared but never referenced
D:/work/Rutgers/Course/CA/Project/non_uniformity_correction/non_uniformity_correction/main_CUDA.cu(143): warning : variable "close_mask_anchor" was declared but never referenced
D:/work/Rutgers/Course/CA/Project/non_uniformity_correction/non_uniformity_correction/main_CUDA.cu(146): warning : variable "hpbuffersize" was declared but never referenced
D:/work/Rutgers/Course/CA/Project/non_uniformity_correction/non_uniformity_correction/main_CUDA.cu(147): warning : variable "pBuffer" was declared but never referenced
D:/work/Rutgers/Course/CA/Project/non_uniformity_correction/non_uniformity_correction/main_CUDA.cu(169): warning : variable "mask_rect" was declared but never referenced
D:/work/Rutgers/Course/CA/Project/non_uniformity_correction/non_uniformity_correction/main_CUDA.cu(191): warning : variable "t2" was declared but never referenced
D:/work/Rutgers/Course/CA/Project/non_uniformity_correction/non_uniformity_correction/main_CUDA.cu(191): warning : variable "t3" was declared but never referenced
D:/work/Rutgers/Course/CA/Project/non_uniformity_correction/non_uniformity_correction/main_CUDA.cu(191): warning : variable "t4" was declared but never referenced
D:/work/Rutgers/Course/CA/Project/non_uniformity_correction/non_uniformity_correction/main_CUDA.cu(191): warning : variable "t5" was declared but never referenced
D:/work/Rutgers/Course/CA/Project/non_uniformity_correction/non_uniformity_correction/main_CUDA.cu(191): warning : variable "t6" was declared but never referenced
D:/work/Rutgers/Course/CA/Project/non_uniformity_correction/non_uniformity_correction/main_CUDA.cu(191): warning : variable "t7" was declared but never referenced
D:/work/Rutgers/Course/CA/Project/non_uniformity_correction/non_uniformity_correction/main_CUDA.cu(192): warning : variable "t_avg" was declared but never referenced
  main_CUDA.cu
D:/work/Rutgers/Course/CA/Project/non_uniformity_correction/non_uniformity_correction/main_CUDA.cu(97): warning C4305: “初始化”: 从“double”到“float”截断
D:/work/Rutgers/Course/CA/Project/non_uniformity_correction/non_uniformity_correction/main_CUDA.cu(98): warning C4305: “初始化”: 从“double”到“float”截断
D:/work/Rutgers/Course/CA/Project/non_uniformity_correction/non_uniformity_correction/main_CUDA.cu(167): warning C4838: 从“unsigned int”转换到“int”需要收缩转换
D:/work/Rutgers/Course/CA/Project/non_uniformity_correction/non_uniformity_correction/main_CUDA.cu(214): warning C4244: “参数”: 从“unsigned int”转换到“const Npp32f”，可能丢失数据
D:/work/Rutgers/Course/CA/Project/non_uniformity_correction/non_uniformity_correction/main_CUDA.cu(252): warning C4244: “参数”: 从“int”转换到“const Npp32f”，可能丢失数据
D:/work/Rutgers/Course/CA/Project/non_uniformity_correction/non_uniformity_correction/main_CUDA.cu(476): warning C4244: “参数”: 从“const double”转换到“const Npp16u”，可能丢失数据
D:/work/Rutgers/Course/CA/Project/non_uniformity_correction/non_uniformity_correction/main_CUDA.cu(191): warning C4101: “t4”: 未引用的局部变量
D:/work/Rutgers/Course/CA/Project/non_uniformity_correction/non_uniformity_correction/main_CUDA.cu(191): warning C4101: “t2”: 未引用的局部变量
D:/work/Rutgers/Course/CA/Project/non_uniformity_correction/non_uniformity_correction/main_CUDA.cu(192): warning C4101: “t_avg”: 未引用的局部变量
D:/work/Rutgers/Course/CA/Project/non_uniformity_correction/non_uniformity_correction/main_CUDA.cu(191): warning C4101: “t6”: 未引用的局部变量
D:/work/Rutgers/Course/CA/Project/non_uniformity_correction/non_uniformity_correction/main_CUDA.cu(191): warning C4101: “t7”: 未引用的局部变量
D:/work/Rutgers/Course/CA/Project/non_uniformity_correction/non_uniformity_correction/main_CUDA.cu(94): warning C4101: “err”: 未引用的局部变量
D:/work/Rutgers/Course/CA/Project/non_uniformity_correction/non_uniformity_correction/main_CUDA.cu(146): warning C4101: “hpbuffersize”: 未引用的局部变量
D:/work/Rutgers/Course/CA/Project/non_uniformity_correction/non_uniformity_correction/main_CUDA.cu(191): warning C4101: “t3”: 未引用的局部变量
D:/work/Rutgers/Course/CA/Project/non_uniformity_correction/non_uniformity_correction/main_CUDA.cu(191): warning C4101: “t5”: 未引用的局部变量
D:/work/Rutgers/Course/CA/Project/non_uniformity_correction/non_uniformity_correction/main_CUDA.cu(147): warning C4101: “pBuffer”: 未引用的局部变量
d:\cuda\v9.1\include\crt\math_functions.h : warning C4819: 该文件包含不能在当前代码页(936)中表示的字符。请将该文件保存为 Unicode 格式以防止数据丢失
d:\cuda\v9.1\include\crt\math_functions.h(838): warning C4819: 该文件包含不能在当前代码页(936)中表示的字符。请将该文件保存为 Unicode 格式以防止数据丢失
d:\cuda\v9.1\include\crt\math_functions.h(1772): warning C4819: 该文件包含不能在当前代码页(936)中表示的字符。请将该文件保存为 Unicode 格式以防止数据丢失
d:\cuda\v9.1\include\crt\math_functions.h(2628): warning C4819: 该文件包含不能在当前代码页(936)中表示的字符。请将该文件保存为 Unicode 格式以防止数据丢失
d:\cuda\v9.1\include\crt\math_functions.h(3477): warning C4819: 该文件包含不能在当前代码页(936)中表示的字符。请将该文件保存为 Unicode 格式以防止数据丢失
d:\cuda\v9.1\include\crt\math_functions.h(4417): warning C4819: 该文件包含不能在当前代码页(936)中表示的字符。请将该文件保存为 Unicode 格式以防止数据丢失
d:\cuda\v9.1\include\crt\math_functions.h(5319): warning C4819: 该文件包含不能在当前代码页(936)中表示的字符。请将该文件保存为 Unicode 格式以防止数据丢失
d:\cuda\v9.1\include\crt\math_functions.h(6229): warning C4819: 该文件包含不能在当前代码页(936)中表示的字符。请将该文件保存为 Unicode 格式以防止数据丢失
d:\cuda\v9.1\include\crt\math_functions.h(7104): warning C4819: 该文件包含不能在当前代码页(936)中表示的字符。请将该文件保存为 Unicode 格式以防止数据丢失
d:\cuda\v9.1\include\crt\math_functions.h(7914): warning C4819: 该文件包含不能在当前代码页(936)中表示的字符。请将该文件保存为 Unicode 格式以防止数据丢失
LINK : warning LNK4075: 忽略“/INCREMENTAL”(由于“/PROFILE”规范)
main.obj : warning LNK4075: 忽略“/EDITANDCONTINUE”(由于“/OPT:LBR”规范)
  non_uniformity_correction.vcxproj -> D:\work\Rutgers\Course\CA\Project\non_uniformity_correction\x64\Debug\non_uniformity_correction.exe
  non_uniformity_correction.vcxproj -> D:\work\Rutgers\Course\CA\Project\non_uniformity_correction\x64\Debug\non_uniformity_correction.pdb (Full PDB)
